2014-01-16 18:12:51 System.NullReferenceException: 未将对象引用设置到对象的实例。
   在 Better.Infrastructures.Log.LogingThread.RefreshConfig() 位置 D:\SVN\InfrastructureLog\trunk\Better.Infrastructures.Log\Log\LogingThread.cs:行号 76

2014-01-16 18:12:51 AppNameStr配置获取异常 System.NullReferenceException: 未将对象引用设置到对象的实例。
   在 Better.Infrastructures.Log.ConfigFetcher.RefreshConfig() 位置 D:\SVN\InfrastructureLog\trunk\Better.Infrastructures.Log\CommonHelpers\ConfigFetcher.cs:行号 124

2014-01-16 18:12:51 System.NullReferenceException: 未将对象引用设置到对象的实例。
   在 Better.Infrastructures.Log.Loging.RefreshConfig() 位置 D:\SVN\InfrastructureLog\trunk\Better.Infrastructures.Log\Log\Loging.cs:行号 152

2014-01-16 18:12:51 UiaccStatSwitch配置获取异常 System.NullReferenceException: 未将对象引用设置到对象的实例。
   在 Better.Infrastructures.Log.ConfigFetcher.RefreshConfig() 位置 D:\SVN\InfrastructureLog\trunk\Better.Infrastructures.Log\CommonHelpers\ConfigFetcher.cs:行号 133

2014-01-16 18:12:51 ExceptionStatSwitch配置获取异常 System.NullReferenceException: 未将对象引用设置到对象的实例。
   在 Better.Infrastructures.Log.ConfigFetcher.RefreshConfig() 位置 D:\SVN\InfrastructureLog\trunk\Better.Infrastructures.Log\CommonHelpers\ConfigFetcher.cs:行号 142

2014-01-16 18:12:51 StatisticsTimeInterval配置获取异常 System.NullReferenceException: 未将对象引用设置到对象的实例。
   在 Better.Infrastructures.Log.ConfigFetcher.RefreshConfig() 位置 D:\SVN\InfrastructureLog\trunk\Better.Infrastructures.Log\CommonHelpers\ConfigFetcher.cs:行号 151

2014-01-16 18:12:51 SlowShreshold配置获取异常 System.NullReferenceException: 未将对象引用设置到对象的实例。
   在 Better.Infrastructures.Log.ConfigFetcher.RefreshConfig() 位置 D:\SVN\InfrastructureLog\trunk\Better.Infrastructures.Log\CommonHelpers\ConfigFetcher.cs:行号 161

2014-01-16 18:12:51 SmallLogRecord配置获取异常 System.NullReferenceException: 未将对象引用设置到对象的实例。
   在 Better.Infrastructures.Log.ConfigFetcher.RefreshConfig() 位置 D:\SVN\InfrastructureLog\trunk\Better.Infrastructures.Log\CommonHelpers\ConfigFetcher.cs:行号 170

2014-01-16 18:12:51 RecordAppCollecttionParams配置获取异常 System.NullReferenceException: 未将对象引用设置到对象的实例。
   在 Better.Infrastructures.Log.ConfigFetcher.RefreshConfig() 位置 D:\SVN\InfrastructureLog\trunk\Better.Infrastructures.Log\CommonHelpers\ConfigFetcher.cs:行号 187

2014-01-16 18:12:51 AppRecord配置获取异常 System.NullReferenceException: 未将对象引用设置到对象的实例。
   在 Better.Infrastructures.Log.ConfigFetcher.RefreshConfig() 位置 D:\SVN\InfrastructureLog\trunk\Better.Infrastructures.Log\CommonHelpers\ConfigFetcher.cs:行号 204

2014-01-16 18:12:51 RecordDebug配置获取异常 System.NullReferenceException: 未将对象引用设置到对象的实例。
   在 Better.Infrastructures.Log.ConfigFetcher.RefreshConfig() 位置 D:\SVN\InfrastructureLog\trunk\Better.Infrastructures.Log\CommonHelpers\ConfigFetcher.cs:行号 221

2014-01-16 18:12:51 ExceptionMinitorLevel配置获取异常 System.NullReferenceException: 未将对象引用设置到对象的实例。
   在 Better.Infrastructures.Log.ConfigFetcher.RefreshConfig() 位置 D:\SVN\InfrastructureLog\trunk\Better.Infrastructures.Log\CommonHelpers\ConfigFetcher.cs:行号 238

2014-01-16 18:12:51 IsCloseAllLog配置获取异常 System.NullReferenceException: 未将对象引用设置到对象的实例。
   在 Better.Infrastructures.Log.ConfigFetcher.RefreshConfig() 位置 D:\SVN\InfrastructureLog\trunk\Better.Infrastructures.Log\CommonHelpers\ConfigFetcher.cs:行号 255

2014-01-16 18:12:51 InnerTextSwitch配置获取异常 System.NullReferenceException: 未将对象引用设置到对象的实例。
   在 Better.Infrastructures.Log.ConfigFetcher.RefreshConfig() 位置 D:\SVN\InfrastructureLog\trunk\Better.Infrastructures.Log\CommonHelpers\ConfigFetcher.cs:行号 272

2014-01-16 18:12:51 数据库连接配置获取异常,目标连接AppLogConnection 异常 System.NullReferenceException: 未将对象引用设置到对象的实例。
   在 Better.Infrastructures.Log.ConnectionFactory.GetConnectionString(String str) 位置 D:\SVN\InfrastructureLog\trunk\Better.Infrastructures.Log\MySqlDal\ConnectionFactory.cs:行号 20

2014-01-16 18:12:51 连接获取异常 System.NullReferenceException: 未将对象引用设置到对象的实例。
   在 Better.Infrastructures.Log.ConnectionFactory.GetConnectionString(String str) 位置 D:\SVN\InfrastructureLog\trunk\Better.Infrastructures.Log\MySqlDal\ConnectionFactory.cs:行号 25
   在 Better.Infrastructures.Log.MySqlLogSink.RefreshConnStrs() 位置 D:\SVN\InfrastructureLog\trunk\Better.Infrastructures.Log\LogSink\MySqlLogSink.cs:行号 60

2014-01-16 18:12:51 System.ArgumentNullException: 键不能为 null。
参数名: key
   在 System.Collections.Hashtable.get_Item(Object key)
   在 MySql.Data.MySqlClient.MySqlPoolManager.GetPool(MySqlConnectionStringBuilder settings)
   在 MySql.Data.MySqlClient.MySqlConnection.Open()
   在 Better.Infrastructures.Log.MysqlLogDataAccess.InsertLog(MUiacc model, String connStr) 位置 D:\SVN\InfrastructureLog\trunk\Better.Infrastructures.Log\MySqlDal\MysqlLogDataAccess.cs:行号 830
   在 Better.Infrastructures.Log.MySqlLogSink.UIAcc(String trackID, String moduel, String submoduel, String operation, TimeSpan timePeriod, String excptionId, String localIp, String machineName, String userName, String userIP, String pnr, String orderID, String keyMessage, String exceptionLevel, String key) 位置 D:\SVN\InfrastructureLog\trunk\Better.Infrastructures.Log\LogSink\MySqlLogSink.cs:行号 195
   在 Better.Infrastructures.Log.LogWriter.UIAcc(String trackID, String moduel, String submoduel, String operation, TimeSpan timePeriod, String excptionId, String localIp, String machineName, String userName, String userIP, String pnr, String orderID, String keyMessage, String exceptionLevel, String key) 位置 D:\SVN\InfrastructureLog\trunk\Better.Infrastructures.Log\LogSink\LogWriter.cs:行号 119

2014-01-16 18:12:54 System.ArgumentNullException: 键不能为 null。
参数名: key
   在 System.Collections.Hashtable.get_Item(Object key)
   在 MySql.Data.MySqlClient.MySqlPoolManager.GetPool(MySqlConnectionStringBuilder settings)
   在 MySql.Data.MySqlClient.MySqlConnection.Open()
   在 Better.Infrastructures.Log.MysqlLogDataAccess.InsertLog(MUiacc model, String connStr) 位置 D:\SVN\InfrastructureLog\trunk\Better.Infrastructures.Log\MySqlDal\MysqlLogDataAccess.cs:行号 830
   在 Better.Infrastructures.Log.MySqlLogSink.UIAcc(String trackID, String moduel, String submoduel, String operation, TimeSpan timePeriod, String excptionId, String localIp, String machineName, String userName, String userIP, String pnr, String orderID, String keyMessage, String exceptionLevel, String key) 位置 D:\SVN\InfrastructureLog\trunk\Better.Infrastructures.Log\LogSink\MySqlLogSink.cs:行号 195
   在 Better.Infrastructures.Log.LogWriter.UIAcc(String trackID, String moduel, String submoduel, String operation, TimeSpan timePeriod, String excptionId, String localIp, String machineName, String userName, String userIP, String pnr, String orderID, String keyMessage, String exceptionLevel, String key) 位置 D:\SVN\InfrastructureLog\trunk\Better.Infrastructures.Log\LogSink\LogWriter.cs:行号 119

2014-01-16 18:12:58 System.ArgumentNullException: 键不能为 null。
参数名: key
   在 System.Collections.Hashtable.get_Item(Object key)
   在 MySql.Data.MySqlClient.MySqlPoolManager.GetPool(MySqlConnectionStringBuilder settings)
   在 MySql.Data.MySqlClient.MySqlConnection.Open()
   在 Better.Infrastructures.Log.MysqlLogDataAccess.InsertLog(MUiacc model, String connStr) 位置 D:\SVN\InfrastructureLog\trunk\Better.Infrastructures.Log\MySqlDal\MysqlLogDataAccess.cs:行号 830
   在 Better.Infrastructures.Log.MySqlLogSink.UIAcc(String trackID, String moduel, String submoduel, String operation, TimeSpan timePeriod, String excptionId, String localIp, String machineName, String userName, String userIP, String pnr, String orderID, String keyMessage, String exceptionLevel, String key) 位置 D:\SVN\InfrastructureLog\trunk\Better.Infrastructures.Log\LogSink\MySqlLogSink.cs:行号 195
   在 Better.Infrastructures.Log.LogWriter.UIAcc(String trackID, String moduel, String submoduel, String operation, TimeSpan timePeriod, String excptionId, String localIp, String machineName, String userName, String userIP, String pnr, String orderID, String keyMessage, String exceptionLevel, String key) 位置 D:\SVN\InfrastructureLog\trunk\Better.Infrastructures.Log\LogSink\LogWriter.cs:行号 119

2014-01-16 18:13:02 System.ArgumentNullException: 键不能为 null。
参数名: key
   在 System.Collections.Hashtable.get_Item(Object key)
   在 MySql.Data.MySqlClient.MySqlPoolManager.GetPool(MySqlConnectionStringBuilder settings)
   在 MySql.Data.MySqlClient.MySqlConnection.Open()
   在 Better.Infrastructures.Log.MysqlLogDataAccess.InsertLog(MUiacc model, String connStr) 位置 D:\SVN\InfrastructureLog\trunk\Better.Infrastructures.Log\MySqlDal\MysqlLogDataAccess.cs:行号 830
   在 Better.Infrastructures.Log.MySqlLogSink.UIAcc(String trackID, String moduel, String submoduel, String operation, TimeSpan timePeriod, String excptionId, String localIp, String machineName, String userName, String userIP, String pnr, String orderID, String keyMessage, String exceptionLevel, String key) 位置 D:\SVN\InfrastructureLog\trunk\Better.Infrastructures.Log\LogSink\MySqlLogSink.cs:行号 195
   在 Better.Infrastructures.Log.LogWriter.UIAcc(String trackID, String moduel, String submoduel, String operation, TimeSpan timePeriod, String excptionId, String localIp, String machineName, String userName, String userIP, String pnr, String orderID, String keyMessage, String exceptionLevel, String key) 位置 D:\SVN\InfrastructureLog\trunk\Better.Infrastructures.Log\LogSink\LogWriter.cs:行号 119

2014-01-16 18:13:03 System.ArgumentNullException: 键不能为 null。
参数名: key
   在 System.Collections.Hashtable.get_Item(Object key)
   在 MySql.Data.MySqlClient.MySqlPoolManager.GetPool(MySqlConnectionStringBuilder settings)
   在 MySql.Data.MySqlClient.MySqlConnection.Open()
   在 Better.Infrastructures.Log.MysqlLogDataAccess.InsertLog(MUiacc model, String connStr) 位置 D:\SVN\InfrastructureLog\trunk\Better.Infrastructures.Log\MySqlDal\MysqlLogDataAccess.cs:行号 830
   在 Better.Infrastructures.Log.MySqlLogSink.UIAcc(String trackID, String moduel, String submoduel, String operation, TimeSpan timePeriod, String excptionId, String localIp, String machineName, String userName, String userIP, String pnr, String orderID, String keyMessage, String exceptionLevel, String key) 位置 D:\SVN\InfrastructureLog\trunk\Better.Infrastructures.Log\LogSink\MySqlLogSink.cs:行号 195
   在 Better.Infrastructures.Log.LogWriter.UIAcc(String trackID, String moduel, String submoduel, String operation, TimeSpan timePeriod, String excptionId, String localIp, String machineName, String userName, String userIP, String pnr, String orderID, String keyMessage, String exceptionLevel, String key) 位置 D:\SVN\InfrastructureLog\trunk\Better.Infrastructures.Log\LogSink\LogWriter.cs:行号 119

2014-01-16 18:13:05 System.ArgumentNullException: 键不能为 null。
参数名: key
   在 System.Collections.Hashtable.get_Item(Object key)
   在 MySql.Data.MySqlClient.MySqlPoolManager.GetPool(MySqlConnectionStringBuilder settings)
   在 MySql.Data.MySqlClient.MySqlConnection.Open()
   在 Better.Infrastructures.Log.MysqlLogDataAccess.InsertLog(MUiacc model, String connStr) 位置 D:\SVN\InfrastructureLog\trunk\Better.Infrastructures.Log\MySqlDal\MysqlLogDataAccess.cs:行号 830
   在 Better.Infrastructures.Log.MySqlLogSink.UIAcc(String trackID, String moduel, String submoduel, String operation, TimeSpan timePeriod, String excptionId, String localIp, String machineName, String userName, String userIP, String pnr, String orderID, String keyMessage, String exceptionLevel, String key) 位置 D:\SVN\InfrastructureLog\trunk\Better.Infrastructures.Log\LogSink\MySqlLogSink.cs:行号 195
   在 Better.Infrastructures.Log.LogWriter.UIAcc(String trackID, String moduel, String submoduel, String operation, TimeSpan timePeriod, String excptionId, String localIp, String machineName, String userName, String userIP, String pnr, String orderID, String keyMessage, String exceptionLevel, String key) 位置 D:\SVN\InfrastructureLog\trunk\Better.Infrastructures.Log\LogSink\LogWriter.cs:行号 119

2014-01-16 18:13:06 System.ArgumentNullException: 键不能为 null。
参数名: key
   在 System.Collections.Hashtable.get_Item(Object key)
   在 MySql.Data.MySqlClient.MySqlPoolManager.GetPool(MySqlConnectionStringBuilder settings)
   在 MySql.Data.MySqlClient.MySqlConnection.Open()
   在 Better.Infrastructures.Log.MysqlLogDataAccess.InsertLog(MUiacc model, String connStr) 位置 D:\SVN\InfrastructureLog\trunk\Better.Infrastructures.Log\MySqlDal\MysqlLogDataAccess.cs:行号 830
   在 Better.Infrastructures.Log.MySqlLogSink.UIAcc(String trackID, String moduel, String submoduel, String operation, TimeSpan timePeriod, String excptionId, String localIp, String machineName, String userName, String userIP, String pnr, String orderID, String keyMessage, String exceptionLevel, String key) 位置 D:\SVN\InfrastructureLog\trunk\Better.Infrastructures.Log\LogSink\MySqlLogSink.cs:行号 195
   在 Better.Infrastructures.Log.LogWriter.UIAcc(String trackID, String moduel, String submoduel, String operation, TimeSpan timePeriod, String excptionId, String localIp, String machineName, String userName, String userIP, String pnr, String orderID, String keyMessage, String exceptionLevel, String key) 位置 D:\SVN\InfrastructureLog\trunk\Better.Infrastructures.Log\LogSink\LogWriter.cs:行号 119

2014-01-16 18:13:08 System.ArgumentNullException: 键不能为 null。
参数名: key
   在 System.Collections.Hashtable.get_Item(Object key)
   在 MySql.Data.MySqlClient.MySqlPoolManager.GetPool(MySqlConnectionStringBuilder settings)
   在 MySql.Data.MySqlClient.MySqlConnection.Open()
   在 Better.Infrastructures.Log.MysqlLogDataAccess.InsertLog(MUiacc model, String connStr) 位置 D:\SVN\InfrastructureLog\trunk\Better.Infrastructures.Log\MySqlDal\MysqlLogDataAccess.cs:行号 830
   在 Better.Infrastructures.Log.MySqlLogSink.UIAcc(String trackID, String moduel, String submoduel, String operation, TimeSpan timePeriod, String excptionId, String localIp, String machineName, String userName, String userIP, String pnr, String orderID, String keyMessage, String exceptionLevel, String key) 位置 D:\SVN\InfrastructureLog\trunk\Better.Infrastructures.Log\LogSink\MySqlLogSink.cs:行号 195
   在 Better.Infrastructures.Log.LogWriter.UIAcc(String trackID, String moduel, String submoduel, String operation, TimeSpan timePeriod, String excptionId, String localIp, String machineName, String userName, String userIP, String pnr, String orderID, String keyMessage, String exceptionLevel, String key) 位置 D:\SVN\InfrastructureLog\trunk\Better.Infrastructures.Log\LogSink\LogWriter.cs:行号 119

2014-01-16 18:13:11 System.ArgumentNullException: 键不能为 null。
参数名: key
   在 System.Collections.Hashtable.get_Item(Object key)
   在 MySql.Data.MySqlClient.MySqlPoolManager.GetPool(MySqlConnectionStringBuilder settings)
   在 MySql.Data.MySqlClient.MySqlConnection.Open()
   在 Better.Infrastructures.Log.MysqlLogDataAccess.InsertLog(MUiacc model, String connStr) 位置 D:\SVN\InfrastructureLog\trunk\Better.Infrastructures.Log\MySqlDal\MysqlLogDataAccess.cs:行号 830
   在 Better.Infrastructures.Log.MySqlLogSink.UIAcc(String trackID, String moduel, String submoduel, String operation, TimeSpan timePeriod, String excptionId, String localIp, String machineName, String userName, String userIP, String pnr, String orderID, String keyMessage, String exceptionLevel, String key) 位置 D:\SVN\InfrastructureLog\trunk\Better.Infrastructures.Log\LogSink\MySqlLogSink.cs:行号 195
   在 Better.Infrastructures.Log.LogWriter.UIAcc(String trackID, String moduel, String submoduel, String operation, TimeSpan timePeriod, String excptionId, String localIp, String machineName, String userName, String userIP, String pnr, String orderID, String keyMessage, String exceptionLevel, String key) 位置 D:\SVN\InfrastructureLog\trunk\Better.Infrastructures.Log\LogSink\LogWriter.cs:行号 119

2014-01-16 18:13:55 System.NullReferenceException: 未将对象引用设置到对象的实例。
   在 Better.Infrastructures.Log.LogingThread.RefreshConfig() 位置 D:\SVN\InfrastructureLog\trunk\Better.Infrastructures.Log\Log\LogingThread.cs:行号 76

2014-01-16 18:13:56 AppNameStr配置获取异常 System.NullReferenceException: 未将对象引用设置到对象的实例。
   在 Better.Infrastructures.Log.ConfigFetcher.RefreshConfig() 位置 D:\SVN\InfrastructureLog\trunk\Better.Infrastructures.Log\CommonHelpers\ConfigFetcher.cs:行号 124

2014-01-16 18:13:56 UiaccStatSwitch配置获取异常 System.NullReferenceException: 未将对象引用设置到对象的实例。
   在 Better.Infrastructures.Log.ConfigFetcher.RefreshConfig() 位置 D:\SVN\InfrastructureLog\trunk\Better.Infrastructures.Log\CommonHelpers\ConfigFetcher.cs:行号 133

2014-01-16 18:13:56 System.NullReferenceException: 未将对象引用设置到对象的实例。
   在 Better.Infrastructures.Log.Loging.RefreshConfig() 位置 D:\SVN\InfrastructureLog\trunk\Better.Infrastructures.Log\Log\Loging.cs:行号 152

2014-01-16 18:13:56 ExceptionStatSwitch配置获取异常 System.NullReferenceException: 未将对象引用设置到对象的实例。
   在 Better.Infrastructures.Log.ConfigFetcher.RefreshConfig() 位置 D:\SVN\InfrastructureLog\trunk\Better.Infrastructures.Log\CommonHelpers\ConfigFetcher.cs:行号 142

2014-01-16 18:13:56 StatisticsTimeInterval配置获取异常 System.NullReferenceException: 未将对象引用设置到对象的实例。
   在 Better.Infrastructures.Log.ConfigFetcher.RefreshConfig() 位置 D:\SVN\InfrastructureLog\trunk\Better.Infrastructures.Log\CommonHelpers\ConfigFetcher.cs:行号 151

2014-01-16 18:13:56 SlowShreshold配置获取异常 System.NullReferenceException: 未将对象引用设置到对象的实例。
   在 Better.Infrastructures.Log.ConfigFetcher.RefreshConfig() 位置 D:\SVN\InfrastructureLog\trunk\Better.Infrastructures.Log\CommonHelpers\ConfigFetcher.cs:行号 161

2014-01-16 18:13:56 SmallLogRecord配置获取异常 System.NullReferenceException: 未将对象引用设置到对象的实例。
   在 Better.Infrastructures.Log.ConfigFetcher.RefreshConfig() 位置 D:\SVN\InfrastructureLog\trunk\Better.Infrastructures.Log\CommonHelpers\ConfigFetcher.cs:行号 170

2014-01-16 18:13:56 RecordAppCollecttionParams配置获取异常 System.NullReferenceException: 未将对象引用设置到对象的实例。
   在 Better.Infrastructures.Log.ConfigFetcher.RefreshConfig() 位置 D:\SVN\InfrastructureLog\trunk\Better.Infrastructures.Log\CommonHelpers\ConfigFetcher.cs:行号 187

2014-01-16 18:13:56 AppRecord配置获取异常 System.NullReferenceException: 未将对象引用设置到对象的实例。
   在 Better.Infrastructures.Log.ConfigFetcher.RefreshConfig() 位置 D:\SVN\InfrastructureLog\trunk\Better.Infrastructures.Log\CommonHelpers\ConfigFetcher.cs:行号 204

2014-01-16 18:13:56 RecordDebug配置获取异常 System.NullReferenceException: 未将对象引用设置到对象的实例。
   在 Better.Infrastructures.Log.ConfigFetcher.RefreshConfig() 位置 D:\SVN\InfrastructureLog\trunk\Better.Infrastructures.Log\CommonHelpers\ConfigFetcher.cs:行号 221

2014-01-16 18:13:56 ExceptionMinitorLevel配置获取异常 System.NullReferenceException: 未将对象引用设置到对象的实例。
   在 Better.Infrastructures.Log.ConfigFetcher.RefreshConfig() 位置 D:\SVN\InfrastructureLog\trunk\Better.Infrastructures.Log\CommonHelpers\ConfigFetcher.cs:行号 238

2014-01-16 18:13:56 IsCloseAllLog配置获取异常 System.NullReferenceException: 未将对象引用设置到对象的实例。
   在 Better.Infrastructures.Log.ConfigFetcher.RefreshConfig() 位置 D:\SVN\InfrastructureLog\trunk\Better.Infrastructures.Log\CommonHelpers\ConfigFetcher.cs:行号 255

2014-01-16 18:13:56 InnerTextSwitch配置获取异常 System.NullReferenceException: 未将对象引用设置到对象的实例。
   在 Better.Infrastructures.Log.ConfigFetcher.RefreshConfig() 位置 D:\SVN\InfrastructureLog\trunk\Better.Infrastructures.Log\CommonHelpers\ConfigFetcher.cs:行号 272

2014-01-16 18:13:56 数据库连接配置获取异常,目标连接AppLogConnection 异常 System.NullReferenceException: 未将对象引用设置到对象的实例。
   在 Better.Infrastructures.Log.ConnectionFactory.GetConnectionString(String str) 位置 D:\SVN\InfrastructureLog\trunk\Better.Infrastructures.Log\MySqlDal\ConnectionFactory.cs:行号 20

2014-01-16 18:13:56 连接获取异常 System.NullReferenceException: 未将对象引用设置到对象的实例。
   在 Better.Infrastructures.Log.ConnectionFactory.GetConnectionString(String str) 位置 D:\SVN\InfrastructureLog\trunk\Better.Infrastructures.Log\MySqlDal\ConnectionFactory.cs:行号 25
   在 Better.Infrastructures.Log.MySqlLogSink.RefreshConnStrs() 位置 D:\SVN\InfrastructureLog\trunk\Better.Infrastructures.Log\LogSink\MySqlLogSink.cs:行号 60

2014-01-16 18:13:56 System.ArgumentNullException: 键不能为 null。
参数名: key
   在 System.Collections.Hashtable.get_Item(Object key)
   在 MySql.Data.MySqlClient.MySqlPoolManager.GetPool(MySqlConnectionStringBuilder settings)
   在 MySql.Data.MySqlClient.MySqlConnection.Open()
   在 Better.Infrastructures.Log.MysqlLogDataAccess.InsertLog(MUiacc model, String connStr) 位置 D:\SVN\InfrastructureLog\trunk\Better.Infrastructures.Log\MySqlDal\MysqlLogDataAccess.cs:行号 830
   在 Better.Infrastructures.Log.MySqlLogSink.UIAcc(String trackID, String moduel, String submoduel, String operation, TimeSpan timePeriod, String excptionId, String localIp, String machineName, String userName, String userIP, String pnr, String orderID, String keyMessage, String exceptionLevel, String key) 位置 D:\SVN\InfrastructureLog\trunk\Better.Infrastructures.Log\LogSink\MySqlLogSink.cs:行号 195
   在 Better.Infrastructures.Log.LogWriter.UIAcc(String trackID, String moduel, String submoduel, String operation, TimeSpan timePeriod, String excptionId, String localIp, String machineName, String userName, String userIP, String pnr, String orderID, String keyMessage, String exceptionLevel, String key) 位置 D:\SVN\InfrastructureLog\trunk\Better.Infrastructures.Log\LogSink\LogWriter.cs:行号 119

2014-01-16 18:14:01 System.ArgumentNullException: 键不能为 null。
参数名: key
   在 System.Collections.Hashtable.get_Item(Object key)
   在 MySql.Data.MySqlClient.MySqlPoolManager.GetPool(MySqlConnectionStringBuilder settings)
   在 MySql.Data.MySqlClient.MySqlConnection.Open()
   在 Better.Infrastructures.Log.MysqlLogDataAccess.InsertLog(MUiacc model, String connStr) 位置 D:\SVN\InfrastructureLog\trunk\Better.Infrastructures.Log\MySqlDal\MysqlLogDataAccess.cs:行号 830
   在 Better.Infrastructures.Log.MySqlLogSink.UIAcc(String trackID, String moduel, String submoduel, String operation, TimeSpan timePeriod, String excptionId, String localIp, String machineName, String userName, String userIP, String pnr, String orderID, String keyMessage, String exceptionLevel, String key) 位置 D:\SVN\InfrastructureLog\trunk\Better.Infrastructures.Log\LogSink\MySqlLogSink.cs:行号 195
   在 Better.Infrastructures.Log.LogWriter.UIAcc(String trackID, String moduel, String submoduel, String operation, TimeSpan timePeriod, String excptionId, String localIp, String machineName, String userName, String userIP, String pnr, String orderID, String keyMessage, String exceptionLevel, String key) 位置 D:\SVN\InfrastructureLog\trunk\Better.Infrastructures.Log\LogSink\LogWriter.cs:行号 119

2014-01-16 18:14:04 System.ArgumentNullException: 键不能为 null。
参数名: key
   在 System.Collections.Hashtable.get_Item(Object key)
   在 MySql.Data.MySqlClient.MySqlPoolManager.GetPool(MySqlConnectionStringBuilder settings)
   在 MySql.Data.MySqlClient.MySqlConnection.Open()
   在 Better.Infrastructures.Log.MysqlLogDataAccess.InsertLog(MUiacc model, String connStr) 位置 D:\SVN\InfrastructureLog\trunk\Better.Infrastructures.Log\MySqlDal\MysqlLogDataAccess.cs:行号 830
   在 Better.Infrastructures.Log.MySqlLogSink.UIAcc(String trackID, String moduel, String submoduel, String operation, TimeSpan timePeriod, String excptionId, String localIp, String machineName, String userName, String userIP, String pnr, String orderID, String keyMessage, String exceptionLevel, String key) 位置 D:\SVN\InfrastructureLog\trunk\Better.Infrastructures.Log\LogSink\MySqlLogSink.cs:行号 195
   在 Better.Infrastructures.Log.LogWriter.UIAcc(String trackID, String moduel, String submoduel, String operation, TimeSpan timePeriod, String excptionId, String localIp, String machineName, String userName, String userIP, String pnr, String orderID, String keyMessage, String exceptionLevel, String key) 位置 D:\SVN\InfrastructureLog\trunk\Better.Infrastructures.Log\LogSink\LogWriter.cs:行号 119

2014-01-16 18:14:06 System.ArgumentNullException: 键不能为 null。
参数名: key
   在 System.Collections.Hashtable.get_Item(Object key)
   在 MySql.Data.MySqlClient.MySqlPoolManager.GetPool(MySqlConnectionStringBuilder settings)
   在 MySql.Data.MySqlClient.MySqlConnection.Open()
   在 Better.Infrastructures.Log.MysqlLogDataAccess.InsertLog(MUiacc model, String connStr) 位置 D:\SVN\InfrastructureLog\trunk\Better.Infrastructures.Log\MySqlDal\MysqlLogDataAccess.cs:行号 830
   在 Better.Infrastructures.Log.MySqlLogSink.UIAcc(String trackID, String moduel, String submoduel, String operation, TimeSpan timePeriod, String excptionId, String localIp, String machineName, String userName, String userIP, String pnr, String orderID, String keyMessage, String exceptionLevel, String key) 位置 D:\SVN\InfrastructureLog\trunk\Better.Infrastructures.Log\LogSink\MySqlLogSink.cs:行号 195
   在 Better.Infrastructures.Log.LogWriter.UIAcc(String trackID, String moduel, String submoduel, String operation, TimeSpan timePeriod, String excptionId, String localIp, String machineName, String userName, String userIP, String pnr, String orderID, String keyMessage, String exceptionLevel, String key) 位置 D:\SVN\InfrastructureLog\trunk\Better.Infrastructures.Log\LogSink\LogWriter.cs:行号 119

2014-01-16 18:14:09 System.ArgumentNullException: 键不能为 null。
参数名: key
   在 System.Collections.Hashtable.get_Item(Object key)
   在 MySql.Data.MySqlClient.MySqlPoolManager.GetPool(MySqlConnectionStringBuilder settings)
   在 MySql.Data.MySqlClient.MySqlConnection.Open()
   在 Better.Infrastructures.Log.MysqlLogDataAccess.InsertLog(MUiacc model, String connStr) 位置 D:\SVN\InfrastructureLog\trunk\Better.Infrastructures.Log\MySqlDal\MysqlLogDataAccess.cs:行号 830
   在 Better.Infrastructures.Log.MySqlLogSink.UIAcc(String trackID, String moduel, String submoduel, String operation, TimeSpan timePeriod, String excptionId, String localIp, String machineName, String userName, String userIP, String pnr, String orderID, String keyMessage, String exceptionLevel, String key) 位置 D:\SVN\InfrastructureLog\trunk\Better.Infrastructures.Log\LogSink\MySqlLogSink.cs:行号 195
   在 Better.Infrastructures.Log.LogWriter.UIAcc(String trackID, String moduel, String submoduel, String operation, TimeSpan timePeriod, String excptionId, String localIp, String machineName, String userName, String userIP, String pnr, String orderID, String keyMessage, String exceptionLevel, String key) 位置 D:\SVN\InfrastructureLog\trunk\Better.Infrastructures.Log\LogSink\LogWriter.cs:行号 119

2014-01-16 18:14:10 System.ArgumentNullException: 键不能为 null。
参数名: key
   在 System.Collections.Hashtable.get_Item(Object key)
   在 MySql.Data.MySqlClient.MySqlPoolManager.GetPool(MySqlConnectionStringBuilder settings)
   在 MySql.Data.MySqlClient.MySqlConnection.Open()
   在 Better.Infrastructures.Log.MysqlLogDataAccess.InsertLog(MUiacc model, String connStr) 位置 D:\SVN\InfrastructureLog\trunk\Better.Infrastructures.Log\MySqlDal\MysqlLogDataAccess.cs:行号 830
   在 Better.Infrastructures.Log.MySqlLogSink.UIAcc(String trackID, String moduel, String submoduel, String operation, TimeSpan timePeriod, String excptionId, String localIp, String machineName, String userName, String userIP, String pnr, String orderID, String keyMessage, String exceptionLevel, String key) 位置 D:\SVN\InfrastructureLog\trunk\Better.Infrastructures.Log\LogSink\MySqlLogSink.cs:行号 195
   在 Better.Infrastructures.Log.LogWriter.UIAcc(String trackID, String moduel, String submoduel, String operation, TimeSpan timePeriod, String excptionId, String localIp, String machineName, String userName, String userIP, String pnr, String orderID, String keyMessage, String exceptionLevel, String key) 位置 D:\SVN\InfrastructureLog\trunk\Better.Infrastructures.Log\LogSink\LogWriter.cs:行号 119

2014-01-16 18:24:57 System.NullReferenceException: 未将对象引用设置到对象的实例。
   在 Better.Infrastructures.Log.LogingThread.RefreshConfig() 位置 D:\SVN\InfrastructureLog\trunk\Better.Infrastructures.Log\Log\LogingThread.cs:行号 76

